Determining if the pthread_create exist failed with the following output:
Change Dir: /home/conan/myproject/teb/build/CMakeFiles/CMakeTmp

Run Build Command:"/usr/bin/make" "cmTC_c81bc/fast"
/usr/bin/make -f CMakeFiles/cmTC_c81bc.dir/build.make CMakeFiles/cmTC_c81bc.dir/build
make[1]: 进入目录“/home/conan/myproject/teb/build/CMakeFiles/CMakeTmp”
Building C object CMakeFiles/cmTC_c81bc.dir/CheckSymbolExists.c.o
/usr/bin/cc    -o CMakeFiles/cmTC_c81bc.dir/CheckSymbolExists.c.o   -c /home/conan/myproject/teb/build/CMakeFiles/CMakeTmp/CheckSymbolExists.c
Linking C executable cmTC_c81bc
/usr/bin/cmake -E cmake_link_script CMakeFiles/cmTC_c81bc.dir/link.txt --verbose=1
/usr/bin/cc      CMakeFiles/cmTC_c81bc.dir/CheckSymbolExists.c.o  -o cmTC_c81bc 
CMakeFiles/cmTC_c81bc.dir/CheckSymbolExists.c.o：在函数‘main’中：
CheckSymbolExists.c:(.text+0x1b)：对‘pthread_create’未定义的引用
collect2: error: ld returned 1 exit status
CMakeFiles/cmTC_c81bc.dir/build.make:97: recipe for target 'cmTC_c81bc' failed
make[1]: *** [cmTC_c81bc] Error 1
make[1]: 离开目录“/home/conan/myproject/teb/build/CMakeFiles/CMakeTmp”
Makefile:126: recipe for target 'cmTC_c81bc/fast' failed
make: *** [cmTC_c81bc/fast] Error 2

File /home/conan/myproject/teb/build/CMakeFiles/CMakeTmp/CheckSymbolExists.c:
/* */
#include <pthread.h>

int main(int argc, char** argv)
{
  (void)argv;
#ifndef pthread_create
  return ((int*)(&pthread_create))[argc];
#else
  (void)argc;
  return 0;
#endif
}

Determining if the function pthread_create exists in the pthreads failed with the following output:
Change Dir: /home/conan/myproject/teb/build/CMakeFiles/CMakeTmp

Run Build Command:"/usr/bin/make" "cmTC_4afac/fast"
/usr/bin/make -f CMakeFiles/cmTC_4afac.dir/build.make CMakeFiles/cmTC_4afac.dir/build
make[1]: 进入目录“/home/conan/myproject/teb/build/CMakeFiles/CMakeTmp”
Building C object CMakeFiles/cmTC_4afac.dir/CheckFunctionExists.c.o
/usr/bin/cc   -DCHECK_FUNCTION_EXISTS=pthread_create   -o CMakeFiles/cmTC_4afac.dir/CheckFunctionExists.c.o   -c /usr/share/cmake-3.10/Modules/CheckFunctionExists.c
Linking C executable cmTC_4afac
/usr/bin/cmake -E cmake_link_script CMakeFiles/cmTC_4afac.dir/link.txt --verbose=1
/usr/bin/cc  -DCHECK_FUNCTION_EXISTS=pthread_create    CMakeFiles/cmTC_4afac.dir/CheckFunctionExists.c.o  -o cmTC_4afac -lpthreads 
/usr/bin/ld: 找不到 -lpthreads
collect2: error: ld returned 1 exit status
CMakeFiles/cmTC_4afac.dir/build.make:97: recipe for target 'cmTC_4afac' failed
make[1]: *** [cmTC_4afac] Error 1
make[1]: 离开目录“/home/conan/myproject/teb/build/CMakeFiles/CMakeTmp”
Makefile:126: recipe for target 'cmTC_4afac/fast' failed
make: *** [cmTC_4afac/fast] Error 2


